<?xml version="1.0" encoding="UTF-8"?>
<!-- Generated by org.testng.reporters.JUnitReportReporter -->
<testsuite hostname="DESKTOP-OVHQO16" failures="0" tests="3" name="tests.UITests" time="24.854" errors="0" timestamp="2022-09-27T20:00:47 IST" skipped="0">
  <testcase classname="tests.UITests" name="testBahrain" time="7.679"/>
  <system-out>
    <![CDATA[Selected English language
Clicked on country link
Selected the Kuwait Country
Packages for country Kuwait are verified
Price of packages for country Kuwait are verified
Currency of packages for country Kuwait are verified]]>
  </system-out>
  <testcase classname="tests.UITests" name="testBahrain" time="5.629"/>
  <system-out>
    <![CDATA[Selected English language
Clicked on country link
Selected the KSA Country
Packages for country KSA are verified
Price of packages for country KSA are verified
Currency of packages for country KSA are verified]]>
  </system-out>
  <testcase classname="tests.UITests" name="testBahrain" time="11.546"/>
  <system-out>
    <![CDATA[Selected English language
Clicked on country link
Selected the Bahrain Country
Packages for country Bahrain are verified
Price of packages for country Bahrain are verified
Currency of packages for country Bahrain are verified]]>
  </system-out>
</testsuite> <!-- tests.UITests -->
